<?xml version="1.0" encoding="UTF-8"?>
<coverage generated="1549493657208" clover="3.2.0">
  <project timestamp="1549493657208" name="All files">
    <metrics statements="28" coveredstatements="28" conditionals="21" coveredconditionals="21" methods="6" coveredmethods="6" elements="55" coveredelements="55" complexity="0" loc="28" ncloc="28" packages="1" files="1" classes="1"/>
    <file name="index.js" path="/home/barao/dev/react-ninja/m02/applications/github-app/src/utils/index.js">
      <metrics statements="28" coveredstatements="28" conditionals="21" coveredconditionals="21" methods="6" coveredmethods="6"/>
      <line num="3" count="1" type="stmt"/>
      <line num="4" count="39" type="cond" truecount="2" falsecount="0"/>
      <line num="11" count="39" type="stmt"/>
      <line num="13" count="1" type="cond" truecount="3" falsecount="0"/>
      <line num="14" count="20" type="cond" truecount="2" falsecount="0"/>
      <line num="16" count="19" type="cond" truecount="2" falsecount="0"/>
      <line num="18" count="18" type="cond" truecount="2" falsecount="0"/>
      <line num="20" count="13" type="stmt"/>
      <line num="21" count="13" type="stmt"/>
      <line num="23" count="39" type="stmt"/>
      <line num="27" count="65" type="stmt"/>
      <line num="29" count="13" type="stmt"/>
      <line num="30" count="13" type="stmt"/>
      <line num="32" count="13" type="cond" truecount="2" falsecount="0"/>
      <line num="33" count="2" type="stmt"/>
      <line num="40" count="13" type="stmt"/>
      <line num="41" count="13" type="stmt"/>
      <line num="43" count="13" type="cond" truecount="2" falsecount="0"/>
      <line num="44" count="4" type="stmt"/>
      <line num="51" count="13" type="stmt"/>
      <line num="52" count="13" type="stmt"/>
      <line num="54" count="13" type="cond" truecount="2" falsecount="0"/>
      <line num="55" count="2" type="stmt"/>
      <line num="62" count="13" type="stmt"/>
      <line num="63" count="13" type="stmt"/>
      <line num="65" count="13" type="cond" truecount="2" falsecount="0"/>
      <line num="66" count="6" type="stmt"/>
      <line num="73" count="13" type="stmt"/>
    </file>
  </project>
</coverage>
