{"/home/barao/dev/react-ninja/m02/applications/github-app/src/utils/index.js": {"path":"/home/barao/dev/react-ninja/m02/applications/github-app/src/utils/index.js","statementMap":{"0":{"start":{"line":3,"column":19},"end":{"line":13,"column":1}},"1":{"start":{"line":4,"column":2},"end":{"line":6,"column":3}},"2":{"start":{"line":5,"column":4},"end":{"line":5,"column":12}},"3":{"start":{"line":8,"column":2},"end":{"line":10,"column":3}},"4":{"start":{"line":9,"column":4},"end":{"line":9,"column":25}},"5":{"start":{"line":12,"column":2},"end":{"line":12,"column":23}},"6":{"start":{"line":15,"column":19},"end":{"line":75,"column":1}},"7":{"start":{"line":16,"column":2},"end":{"line":18,"column":3}},"8":{"start":{"line":17,"column":4},"end":{"line":17,"column":57}},"9":{"start":{"line":17,"column":51},"end":{"line":17,"column":56}},"10":{"start":{"line":20,"column":23},"end":{"line":20,"column":24}},"11":{"start":{"line":22,"column":14},"end":{"line":26,"column":3}},"12":{"start":{"line":24,"column":54},"end":{"line":24,"column":91}},"13":{"start":{"line":28,"column":2},"end":{"line":28,"column":77}},"14":{"start":{"line":28,"column":47},"end":{"line":28,"column":76}},"15":{"start":{"line":30,"column":18},"end":{"line":30,"column":26}},"16":{"start":{"line":31,"column":19},"end":{"line":31,"column":27}},"17":{"start":{"line":33,"column":2},"end":{"line":39,"column":3}},"18":{"start":{"line":34,"column":4},"end":{"line":38,"column":5}},"19":{"start":{"line":41,"column":2},"end":{"line":41,"column":22}},"20":{"start":{"line":42,"column":2},"end":{"line":42,"column":23}},"21":{"start":{"line":44,"column":2},"end":{"line":50,"column":3}},"22":{"start":{"line":45,"column":4},"end":{"line":49,"column":5}},"23":{"start":{"line":52,"column":24},"end":{"line":52,"column":47}},"24":{"start":{"line":53,"column":17},"end":{"line":53,"column":40}},"25":{"start":{"line":55,"column":2},"end":{"line":61,"column":3}},"26":{"start":{"line":56,"column":4},"end":{"line":60,"column":5}},"27":{"start":{"line":63,"column":2},"end":{"line":63,"column":43}},"28":{"start":{"line":64,"column":2},"end":{"line":64,"column":36}},"29":{"start":{"line":66,"column":2},"end":{"line":72,"column":3}},"30":{"start":{"line":67,"column":4},"end":{"line":71,"column":5}},"31":{"start":{"line":74,"column":2},"end":{"line":74,"column":14}}},"fnMap":{"0":{"name":"(anonymous_0)","decl":{"start":{"line":3,"column":19},"end":{"line":3,"column":20}},"loc":{"start":{"line":3,"column":46},"end":{"line":13,"column":1}},"line":3},"1":{"name":"(anonymous_1)","decl":{"start":{"line":15,"column":19},"end":{"line":15,"column":20}},"loc":{"start":{"line":15,"column":46},"end":{"line":75,"column":1}},"line":15},"2":{"name":"(anonymous_2)","decl":{"start":{"line":17,"column":41},"end":{"line":17,"column":42}},"loc":{"start":{"line":17,"column":51},"end":{"line":17,"column":56}},"line":17},"3":{"name":"(anonymous_3)","decl":{"start":{"line":24,"column":44},"end":{"line":24,"column":45}},"loc":{"start":{"line":24,"column":54},"end":{"line":24,"column":91}},"line":24},"4":{"name":"(anonymous_4)","decl":{"start":{"line":28,"column":23},"end":{"line":28,"column":24}},"loc":{"start":{"line":28,"column":47},"end":{"line":28,"column":76}},"line":28}},"branchMap":{"0":{"loc":{"start":{"line":4,"column":2},"end":{"line":6,"column":3}},"type":"if","locations":[{"start":{"line":4,"column":2},"end":{"line":6,"column":3}},{"start":{"line":4,"column":2},"end":{"line":6,"column":3}}],"line":4},"1":{"loc":{"start":{"line":8,"column":2},"end":{"line":10,"column":3}},"type":"if","locations":[{"start":{"line":8,"column":2},"end":{"line":10,"column":3}},{"start":{"line":8,"column":2},"end":{"line":10,"column":3}}],"line":8},"2":{"loc":{"start":{"line":16,"column":2},"end":{"line":18,"column":3}},"type":"if","locations":[{"start":{"line":16,"column":2},"end":{"line":18,"column":3}},{"start":{"line":16,"column":2},"end":{"line":18,"column":3}}],"line":16},"3":{"loc":{"start":{"line":33,"column":2},"end":{"line":39,"column":3}},"type":"if","locations":[{"start":{"line":33,"column":2},"end":{"line":39,"column":3}},{"start":{"line":33,"column":2},"end":{"line":39,"column":3}}],"line":33},"4":{"loc":{"start":{"line":44,"column":2},"end":{"line":50,"column":3}},"type":"if","locations":[{"start":{"line":44,"column":2},"end":{"line":50,"column":3}},{"start":{"line":44,"column":2},"end":{"line":50,"column":3}}],"line":44},"5":{"loc":{"start":{"line":55,"column":2},"end":{"line":61,"column":3}},"type":"if","locations":[{"start":{"line":55,"column":2},"end":{"line":61,"column":3}},{"start":{"line":55,"column":2},"end":{"line":61,"column":3}}],"line":55},"6":{"loc":{"start":{"line":66,"column":2},"end":{"line":72,"column":3}},"type":"if","locations":[{"start":{"line":66,"column":2},"end":{"line":72,"column":3}},{"start":{"line":66,"column":2},"end":{"line":72,"column":3}}],"line":66}},"s":{"0":1,"1":39,"2":6,"3":33,"4":6,"5":27,"6":1,"7":16,"8":3,"9":8,"10":13,"11":13,"12":39,"13":13,"14":65,"15":13,"16":13,"17":13,"18":2,"19":13,"20":13,"21":13,"22":5,"23":13,"24":13,"25":13,"26":2,"27":13,"28":13,"29":13,"30":6,"31":13},"f":{"0":39,"1":16,"2":8,"3":39,"4":65},"b":{"0":[6,33],"1":[6,27],"2":[3,13],"3":[2,11],"4":[5,8],"5":[2,11],"6":[6,7]},"_coverageSchema":"43e27e138ebf9cfc5966b082cf9a028302ed4184","hash":"f221698a2bfb84889323dc18187a0ecf61de94f0"}
}
