TN:
SF:/home/barao/dev/react-ninja/m02/applications/github-app/src/utils/index.js
FN:3,(anonymous_0)
FN:11,(anonymous_1)
FN:13,(anonymous_2)
FN:18,(anonymous_3)
FN:23,(anonymous_4)
FN:27,(anonymous_5)
FNF:6
FNH:6
FNDA:39,(anonymous_0)
FNDA:39,(anonymous_1)
FNDA:20,(anonymous_2)
FNDA:10,(anonymous_3)
FNDA:39,(anonymous_4)
FNDA:65,(anonymous_5)
DA:3,1
DA:4,39
DA:11,39
DA:13,1
DA:14,20
DA:16,19
DA:18,18
DA:20,13
DA:21,13
DA:23,39
DA:27,65
DA:29,13
DA:30,13
DA:32,13
DA:33,2
DA:40,13
DA:41,13
DA:43,13
DA:44,4
DA:51,13
DA:52,13
DA:54,13
DA:55,2
DA:62,13
DA:63,13
DA:65,13
DA:66,6
DA:73,13
LF:28
LH:28
BRDA:4,0,0,9
BRDA:4,0,1,30
BRDA:6,1,0,6
BRDA:6,1,1,24
BRDA:13,2,0,1
BRDA:13,3,0,2
BRDA:13,4,0,3
BRDA:14,5,0,1
BRDA:14,5,1,19
BRDA:16,6,0,1
BRDA:16,6,1,18
BRDA:18,7,0,5
BRDA:18,7,1,13
BRDA:32,8,0,2
BRDA:32,8,1,11
BRDA:43,9,0,4
BRDA:43,9,1,9
BRDA:54,10,0,2
BRDA:54,10,1,11
BRDA:65,11,0,6
BRDA:65,11,1,7
BRF:21
BRH:21
end_of_record
